<?xml version="1.0" encoding="UTF-8"?>
<testsuite xmlns:xsi="http://www.w3.org/2001/XMLSchema-instance" xsi:noNamespaceSchemaLocation="https://maven.apache.org/surefire/maven-surefire-plugin/xsd/surefire-test-report.xsd" name="ArrayQueueTest" time="0.039" tests="9" errors="0" skipped="0" failures="0">
  <properties>
[...]
</properties>
  <testcase name="testDequeueOnEmptyQueue" classname="ArrayQueueTest" time="0.018"/>
  <testcase name="testLargeNumberOfItems" classname="ArrayQueueTest" time="0.002"/>
  <testcase name="testToString" classname="ArrayQueueTest" time="0.008"/>
  <testcase name="testDequeueMultipleItems" classname="ArrayQueueTest" time="0.001"/>
  <testcase name="testInitialState" classname="ArrayQueueTest" time="0.002"/>
  <testcase name="testEnqueueAndDequeueSingleItem" classname="ArrayQueueTest" time="0.001"/>
  <testcase name="testEnqueueMultipleItems" classname="ArrayQueueTest" time="0.001"/>
  <testcase name="testQueueOrder" classname="ArrayQueueTest" time="0"/>
  <testcase name="testMixedOperations" classname="ArrayQueueTest" time="0"/>
</testsuite>