<?xml version="1.0" encoding="UTF-8"?>
<testsuite xmlns:xsi="http://www.w3.org/2001/XMLSchema-instance" xsi:noNamespaceSchemaLocation="https://maven.apache.org/surefire/maven-surefire-plugin/xsd/surefire-test-report.xsd" name="LinkedListQueueTest" time="0.034" tests="6" errors="0" skipped="0" failures="0">
  <properties>
[...]
</properties>
  <testcase name="testDequeueOnEmptyQueue" classname="LinkedListQueueTest" time="0.015"/>
  <testcase name="testFrontOnEmptyQueue" classname="LinkedListQueueTest" time="0"/>
  <testcase name="testToString" classname="LinkedListQueueTest" time="0.007"/>
  <testcase name="testInitialState" classname="LinkedListQueueTest" time="0.001"/>
  <testcase name="testEnqueueAndDequeueSingleItem" classname="LinkedListQueueTest" time="0.001"/>
  <testcase name="testEnqueueMultipleItems" classname="LinkedListQueueTest" time="0"/>
</testsuite>